<?xml version="1.0" encoding="UTF-8"?>
<!-- Generated by org.testng.reporters.JUnitReportReporter -->
<testsuite skipped="1" hostname="DESKTOP-2637JTI" name="unicodeTech.TestSuiteA.ValidateUser" tests="1" failures="0" timestamp="30 Dec 2019 17:34:44 GMT" time="0.000" errors="0">
  <testcase name="testValidateUser" time="0.000" classname="unicodeTech.TestSuiteA.ValidateUser">
    <skipped/>
  </testcase> <!-- testValidateUser -->
</testsuite> <!-- unicodeTech.TestSuiteA.ValidateUser -->
