<?xml version="1.0" encoding="UTF-8"?>
<!-- Generated by org.testng.reporters.JUnitReportReporter -->
<testsuite skipped="1" hostname="DESKTOP-2637JTI" name="unicodeTech.TestSuiteB.ChangePassword" tests="1" failures="0" timestamp="06 Feb 2020 09:00:53 GMT" time="0.018" errors="0">
  <testcase name="testChangePassword" time="0.018" classname="unicodeTech.TestSuiteB.ChangePassword">
    <skipped/>
  </testcase> <!-- testChangePassword -->
</testsuite> <!-- unicodeTech.TestSuiteB.ChangePassword -->
