<?xml version="1.0" encoding="UTF-8"?>
<!-- Generated by org.testng.reporters.JUnitReportReporter -->
<testsuite skipped="1" hostname="DESKTOP-2637JTI" name="unicodeTech.TestSuiteA.ExtractManufacturer" tests="1" failures="0" timestamp="04 Jan 2020 09:24:05 GMT" time="0.017" errors="0">
  <testcase name="testExtractManufacturer" time="0.017" classname="unicodeTech.TestSuiteA.ExtractManufacturer">
    <skipped/>
  </testcase> <!-- testExtractManufacturer -->
</testsuite> <!-- unicodeTech.TestSuiteA.ExtractManufacturer -->
