<?xml version="1.0" encoding="UTF-8"?>
<!-- Generated by org.testng.reporters.JUnitReportReporter -->
<testsuite skipped="0" hostname="DESKTOP-2637JTI" name="unicodeTech.TestSuiteA.ValidateUser" tests="3" failures="0" timestamp="21 Jan 2020 10:15:38 GMT" time="31.837" errors="0">
  <testcase name="testValidateUser" time="14.312" classname="unicodeTech.TestSuiteA.ValidateUser"/>
  <testcase name="testValidateUser" time="9.592" classname="unicodeTech.TestSuiteA.ValidateUser"/>
  <testcase name="testValidateUser" time="7.933" classname="unicodeTech.TestSuiteA.ValidateUser"/>
</testsuite> <!-- unicodeTech.TestSuiteA.ValidateUser -->
