<?xml version="1.0" encoding="UTF-8"?>
<!-- Generated by org.testng.reporters.JUnitReportReporter -->
<testsuite skipped="1" hostname="DESKTOP-2637JTI" name="unicodeTech.TestSuiteB.ChangePassword" tests="1" failures="0" timestamp="03 Jan 2020 06:58:26 GMT" time="0.015" errors="0">
  <testcase name="testChangePassword" time="0.015" classname="unicodeTech.TestSuiteB.ChangePassword">
    <skipped/>
  </testcase> <!-- testChangePassword -->
</testsuite> <!-- unicodeTech.TestSuiteB.ChangePassword -->
