<?xml version="1.0" encoding="UTF-8"?>
<!-- Generated by org.testng.reporters.JUnitReportReporter -->
<testsuite skipped="0" hostname="DESKTOP-2637JTI" name="unicodeTech.TestSuiteC.MenuTesting" tests="1" failures="0" timestamp="06 Feb 2020 09:06:29 GMT" time="12.988" errors="0">
  <testcase name="testMenuTesting" time="12.988" classname="unicodeTech.TestSuiteC.MenuTesting"/>
</testsuite> <!-- unicodeTech.TestSuiteC.MenuTesting -->
