<?xml version="1.0" encoding="UTF-8"?>
<!-- Generated by org.testng.reporters.JUnitReportReporter -->
<testsuite skipped="1" hostname="DESKTOP-2637JTI" name="unicodeTech.TestSuiteC.ExtractCategories" tests="1" failures="0" timestamp="06 Feb 2020 09:06:29 GMT" time="0.001" errors="0">
  <testcase name="testExtractCategories" time="0.001" classname="unicodeTech.TestSuiteC.ExtractCategories">
    <skipped/>
  </testcase> <!-- testExtractCategories -->
</testsuite> <!-- unicodeTech.TestSuiteC.ExtractCategories -->
