<?xml version="1.0" encoding="UTF-8"?>
<!-- Generated by org.testng.reporters.JUnitReportReporter -->
<testsuite skipped="1" hostname="DESKTOP-2637JTI" name="unicodeTech.TestSuiteB.ChangePassword" tests="1" failures="0" timestamp="24 Jan 2020 04:29:31 GMT" time="0.000" errors="0">
  <testcase name="testChangePassword" time="0.000" classname="unicodeTech.TestSuiteB.ChangePassword">
    <skipped/>
  </testcase> <!-- testChangePassword -->
</testsuite> <!-- unicodeTech.TestSuiteB.ChangePassword -->
