<?xml version="1.0" encoding="UTF-8"?>
<!-- Generated by org.testng.reporters.JUnitReportReporter -->
<testsuite skipped="0" hostname="DESKTOP-2637JTI" name="unicodeTech.TestSuiteA.ValidateUser" tests="3" failures="0" timestamp="04 Jan 2020 09:24:05 GMT" time="62.312" errors="0">
  <testcase name="testValidateUser" time="30.925" classname="unicodeTech.TestSuiteA.ValidateUser"/>
  <testcase name="testValidateUser" time="17.577" classname="unicodeTech.TestSuiteA.ValidateUser"/>
  <testcase name="testValidateUser" time="13.810" classname="unicodeTech.TestSuiteA.ValidateUser"/>
</testsuite> <!-- unicodeTech.TestSuiteA.ValidateUser -->
